[2021-04-19 18:53:05] [ INFO ] [Conexion:31] Conexion creada
[2021-04-19 18:53:05] [ INFO ] [Main:63] Se ha añadido paciente Kieran Mccoy
[2021-04-19 18:53:05] [ INFO ] [Main:63] Se ha añadido paciente Hiroko Atkins
[2021-04-19 18:53:05] [ INFO ] [Main:59] Se ha añadido enfermero Ray Castaneda
[2021-04-19 18:53:05] [ INFO ] [Main:63] Se ha añadido paciente Clayton Woodard
[2021-04-19 18:53:05] [ INFO ] [Main:63] Se ha añadido paciente Helen Keith
[2021-04-19 18:53:05] [ INFO ] [Main:63] Se ha añadido paciente Xyla Workman
[2021-04-19 18:53:05] [ INFO ] [Main:63] Se ha añadido paciente Sasha Hamilton
[2021-04-19 18:53:05] [ INFO ] [Main:63] Se ha añadido paciente Cynthia Wooten
[2021-04-19 18:53:05] [ INFO ] [Main:63] Se ha añadido paciente Davis Acosta
[2021-04-19 18:53:05] [ INFO ] [Main:63] Se ha añadido paciente Neville Hansen
[2021-04-19 18:53:05] [ INFO ] [Main:63] Se ha añadido paciente Colorado Atkinson
[2021-04-19 18:53:05] [ INFO ] [Main:63] Se ha añadido paciente Yoshi Holmes
[2021-04-19 18:53:05] [ INFO ] [Main:59] Se ha añadido enfermero Colleen Lara
[2021-04-19 18:53:05] [ INFO ] [Main:63] Se ha añadido paciente Shafira Mcconnell
[2021-04-19 18:53:05] [ INFO ] [Main:63] Se ha añadido paciente Rana Barker
[2021-04-19 18:53:05] [ INFO ] [Main:63] Se ha añadido paciente Shea Petersen
[2021-04-19 18:53:05] [ INFO ] [Main:63] Se ha añadido paciente Avram Mills
[2021-04-19 18:53:05] [ INFO ] [Main:63] Se ha añadido paciente Adria Cleveland
[2021-04-19 18:53:05] [ INFO ] [Main:63] Se ha añadido paciente Genevieve Beck
[2021-04-19 18:53:05] [ INFO ] [Main:63] Se ha añadido paciente Jaime Bailey
[2021-04-19 18:53:05] [ INFO ] [Main:63] Se ha añadido paciente Allistair Singleton
[2021-04-19 18:53:05] [ INFO ] [Main:63] Se ha añadido paciente Slade Bright
[2021-04-19 18:53:05] [ INFO ] [Main:63] Se ha añadido paciente Nola Puckett
[2021-04-19 18:53:05] [ INFO ] [Main:63] Se ha añadido paciente Castor Burgess
[2021-04-19 18:53:05] [ INFO ] [Main:63] Se ha añadido paciente Ashely Watts
[2021-04-19 18:53:05] [ INFO ] [Main:63] Se ha añadido paciente Charity Harris
[2021-04-19 18:53:05] [ INFO ] [Main:63] Se ha añadido paciente Tyler Welch
[2021-04-19 18:53:05] [ INFO ] [Main:63] Se ha añadido paciente Sonia Benjamin
[2021-04-19 18:53:05] [ INFO ] [Main:63] Se ha añadido paciente Quintessa Mcguire
[2021-04-19 18:53:05] [ INFO ] [Main:63] Se ha añadido paciente Celeste Rodriquez
[2021-04-19 18:53:05] [ INFO ] [Main:63] Se ha añadido paciente Merrill Wheeler
[2021-04-19 18:53:05] [ INFO ] [Main:63] Se ha añadido paciente Julie Maxwell
[2021-04-19 18:53:05] [ INFO ] [Main:63] Se ha añadido paciente Lois Lloyd
[2021-04-19 18:53:05] [ INFO ] [Main:63] Se ha añadido paciente Xander Rocha
[2021-04-19 18:53:05] [ INFO ] [Main:63] Se ha añadido paciente Yoshio Frank
[2021-04-19 18:53:05] [ INFO ] [Main:63] Se ha añadido paciente Quemby Nunez
[2021-04-19 18:53:05] [ INFO ] [Main:63] Se ha añadido paciente Dahlia Martin
[2021-04-19 18:53:05] [ INFO ] [Main:63] Se ha añadido paciente Kylie Navarro
[2021-04-19 18:53:05] [ INFO ] [Main:63] Se ha añadido paciente Baker Hughes
[2021-04-19 18:53:05] [ INFO ] [Main:63] Se ha añadido paciente Kaden Kramer
[2021-04-19 18:53:05] [ INFO ] [Main:63] Se ha añadido paciente Samuel Newman
[2021-04-19 18:53:05] [ INFO ] [Main:63] Se ha añadido paciente Philip Holcomb
[2021-04-19 18:53:05] [ INFO ] [Main:63] Se ha añadido paciente Summer Castillo
[2021-04-19 18:53:05] [ INFO ] [Main:63] Se ha añadido paciente Gwendolyn Fuentes
[2021-04-19 18:53:05] [ INFO ] [Main:63] Se ha añadido paciente Wynne Ball
[2021-04-19 18:53:05] [ INFO ] [Main:63] Se ha añadido paciente Uta Vasquez
[2021-04-19 18:53:05] [ INFO ] [Main:63] Se ha añadido paciente Ezekiel Bond
[2021-04-19 18:53:05] [ INFO ] [Main:63] Se ha añadido paciente Virginia Ramos
[2021-04-19 18:53:05] [ INFO ] [Main:63] Se ha añadido paciente Kenyon Farrell
[2021-04-19 18:53:05] [ INFO ] [Main:63] Se ha añadido paciente Camilla Carney
[2021-04-19 18:53:05] [ INFO ] [Main:63] Se ha añadido paciente Ferdinand Craig
[2021-04-19 18:53:05] [ INFO ] [Main:63] Se ha añadido paciente Jacob Morton
[2021-04-19 18:53:05] [ INFO ] [Main:63] Se ha añadido paciente Stewart Elliott
[2021-04-19 18:53:05] [ INFO ] [Main:63] Se ha añadido paciente Miranda Shields
[2021-04-19 18:53:05] [ INFO ] [Main:63] Se ha añadido paciente Eden Cohen
[2021-04-19 18:53:05] [ INFO ] [Main:63] Se ha añadido paciente Anjolie Talley
[2021-04-19 18:53:05] [ INFO ] [Main:63] Se ha añadido paciente Duncan Byers
[2021-04-19 18:53:05] [ INFO ] [Main:63] Se ha añadido paciente Patricia Rhodes
[2021-04-19 18:53:05] [ INFO ] [Main:63] Se ha añadido paciente Amaya Vincent
[2021-04-19 18:53:05] [ INFO ] [Main:63] Se ha añadido paciente Sacha Snow
[2021-04-19 18:53:05] [ INFO ] [Main:63] Se ha añadido paciente Kadeem Munoz
[2021-04-19 18:53:05] [ INFO ] [Main:63] Se ha añadido paciente Irene Pearson
[2021-04-19 18:53:05] [ INFO ] [Main:63] Se ha añadido paciente Linda Henderson
[2021-04-19 18:53:05] [ INFO ] [Main:63] Se ha añadido paciente Joshua Drake
[2021-04-19 18:53:05] [ INFO ] [Main:63] Se ha añadido paciente Logan Mercer
[2021-04-19 18:53:05] [ INFO ] [Main:63] Se ha añadido paciente Kessie Kim
[2021-04-19 18:53:05] [ INFO ] [Main:63] Se ha añadido paciente Kyla Garner
[2021-04-19 18:53:05] [ INFO ] [Main:63] Se ha añadido paciente Shaine Reilly
[2021-04-19 18:53:05] [ INFO ] [Main:63] Se ha añadido paciente Basia Horton
[2021-04-19 18:53:05] [ INFO ] [Main:63] Se ha añadido paciente Mariko Bean
[2021-04-19 18:53:05] [ INFO ] [Main:63] Se ha añadido paciente Igor Mccall
[2021-04-19 18:53:05] [ INFO ] [Main:63] Se ha añadido paciente Morgan Ferrell
[2021-04-19 18:53:05] [ INFO ] [Main:63] Se ha añadido paciente Stacey Garcia
[2021-04-19 18:53:05] [ INFO ] [Main:63] Se ha añadido paciente Ali Huber
[2021-04-19 18:53:05] [ INFO ] [Main:63] Se ha añadido paciente Marah Cain
[2021-04-19 18:53:05] [ INFO ] [Main:63] Se ha añadido paciente Aretha House
[2021-04-19 18:53:05] [ INFO ] [Main:63] Se ha añadido paciente Micah Schmidt
[2021-04-19 18:53:05] [ INFO ] [Main:63] Se ha añadido paciente Demetrius Hubbard
[2021-04-19 18:53:05] [ INFO ] [Main:63] Se ha añadido paciente Nero Martin
[2021-04-19 18:53:05] [ INFO ] [Main:63] Se ha añadido paciente Kasper Cotton
[2021-04-19 18:53:05] [ INFO ] [Main:63] Se ha añadido paciente Fletcher Hammond
[2021-04-19 18:53:05] [ INFO ] [Main:63] Se ha añadido paciente Steel House
[2021-04-19 18:53:05] [ INFO ] [Main:63] Se ha añadido paciente Walter Pruitt
[2021-04-19 18:53:05] [ INFO ] [Main:63] Se ha añadido paciente Tucker Knapp
[2021-04-19 18:53:05] [ INFO ] [Main:63] Se ha añadido paciente Baxter Lowery
[2021-04-19 18:53:05] [ INFO ] [Main:63] Se ha añadido paciente Vincent Fulton
[2021-04-19 18:53:05] [ INFO ] [Main:63] Se ha añadido paciente Emily Parker
[2021-04-19 18:53:05] [ INFO ] [Main:63] Se ha añadido paciente Callie Hawkins
[2021-04-19 18:53:05] [ INFO ] [Main:63] Se ha añadido paciente Josiah Torres
[2021-04-19 18:53:05] [ INFO ] [Main:63] Se ha añadido paciente Cullen Copeland
[2021-04-19 18:54:54] [ INFO ] [Conexion:31] Conexion creada
[2021-04-19 18:54:54] [ INFO ] [Main:63] Se ha añadido paciente Roary Lester
[2021-04-19 18:54:54] [ INFO ] [Main:63] Se ha añadido paciente Curran Cameron
[2021-04-19 18:54:54] [ INFO ] [Main:63] Se ha añadido paciente Emi Jimenez
[2021-04-19 18:54:54] [ INFO ] [Main:63] Se ha añadido paciente Stephen Whitaker
[2021-04-19 18:54:54] [ INFO ] [Main:63] Se ha añadido paciente Beverly Mcclure
[2021-04-19 18:54:54] [ INFO ] [Main:63] Se ha añadido paciente Cyrus Sweet
[2021-04-19 18:54:54] [ INFO ] [Main:63] Se ha añadido paciente Dai Hickman
[2021-04-19 18:54:54] [ INFO ] [Main:63] Se ha añadido paciente Omar Roberts
[2021-04-19 18:54:54] [ INFO ] [Main:63] Se ha añadido paciente Lois Ruiz
[2021-04-19 18:54:54] [ INFO ] [Main:63] Se ha añadido paciente Kibo Sweet
[2021-04-19 18:54:54] [ INFO ] [Main:63] Se ha añadido paciente Patricia Carrillo
[2021-04-19 18:54:54] [ INFO ] [Main:63] Se ha añadido paciente Amena Parsons
[2021-04-19 18:54:54] [ INFO ] [Main:63] Se ha añadido paciente Jerome Sanchez
[2021-04-19 18:54:54] [ INFO ] [Main:63] Se ha añadido paciente Idona Padilla
[2021-04-19 18:54:54] [ INFO ] [Main:63] Se ha añadido paciente Karly Juarez
[2021-04-19 18:54:54] [ INFO ] [Main:63] Se ha añadido paciente Marny Gomez
[2021-04-19 18:54:54] [ INFO ] [Main:63] Se ha añadido paciente Peter Sykes
[2021-04-19 18:54:54] [ INFO ] [Main:63] Se ha añadido paciente Amela Marshall
[2021-04-19 18:54:54] [ INFO ] [Main:63] Se ha añadido paciente Hilel Nolan
[2021-04-19 18:54:54] [ INFO ] [Main:63] Se ha añadido paciente Gary Mueller
[2021-04-19 18:54:54] [ INFO ] [Main:63] Se ha añadido paciente Colorado Mullen
[2021-04-19 18:54:54] [ INFO ] [Main:63] Se ha añadido paciente Wallace Butler
[2021-04-19 18:54:54] [ INFO ] [Main:63] Se ha añadido paciente Keely Russell
[2021-04-19 18:54:54] [ INFO ] [Main:63] Se ha añadido paciente Miriam Sosa
[2021-04-19 18:54:54] [ INFO ] [Main:63] Se ha añadido paciente Carlos Singleton
[2021-04-19 18:54:54] [ INFO ] [Main:63] Se ha añadido paciente Nicole Flowers
[2021-04-19 18:54:54] [ INFO ] [Main:63] Se ha añadido paciente Bruce Travis
[2021-04-19 18:54:54] [ INFO ] [Main:63] Se ha añadido paciente Pearl Dalton
[2021-04-19 18:54:54] [ INFO ] [Main:63] Se ha añadido paciente Daria Fuller
[2021-04-19 18:54:54] [ INFO ] [Main:63] Se ha añadido paciente Brody Sharp
[2021-04-19 18:54:54] [ INFO ] [Main:63] Se ha añadido paciente Marsden Grant
[2021-04-19 18:54:54] [ INFO ] [Main:63] Se ha añadido paciente Adara Bradley
[2021-04-19 18:54:54] [ INFO ] [Main:63] Se ha añadido paciente Dana Wiley
[2021-04-19 18:54:54] [ INFO ] [Main:63] Se ha añadido paciente Jameson Lawson
[2021-04-19 18:54:54] [ INFO ] [Main:63] Se ha añadido paciente Leah Hatfield
[2021-04-19 18:54:54] [ INFO ] [Main:63] Se ha añadido paciente Richard Charles
[2021-04-19 18:54:54] [ INFO ] [Main:63] Se ha añadido paciente Rhea Benson
[2021-04-19 18:54:54] [ INFO ] [Main:63] Se ha añadido paciente Barry Hobbs
[2021-04-19 18:54:54] [ INFO ] [Main:63] Se ha añadido paciente Adam Le
[2021-04-19 18:54:54] [ INFO ] [Main:63] Se ha añadido paciente Yolanda England
[2021-04-19 18:54:54] [ INFO ] [Main:63] Se ha añadido paciente Karly Hamilton
[2021-04-19 18:54:54] [ INFO ] [Main:63] Se ha añadido paciente Merritt Meyers
[2021-04-19 18:54:54] [ INFO ] [Main:63] Se ha añadido paciente Ashton Kirby
[2021-04-19 18:54:54] [ INFO ] [Main:63] Se ha añadido paciente Colleen Duran
[2021-04-19 18:54:54] [ INFO ] [Main:63] Se ha añadido paciente Amber Cook
[2021-04-19 18:54:54] [ INFO ] [Main:63] Se ha añadido paciente Upton Dillon
[2021-04-19 18:54:54] [ INFO ] [Main:63] Se ha añadido paciente Zena Mckenzie
[2021-04-19 18:54:54] [ INFO ] [Main:63] Se ha añadido paciente Avram Daniels
[2021-04-19 18:54:54] [ INFO ] [Main:63] Se ha añadido paciente Jaime West
[2021-04-19 18:54:54] [ INFO ] [Main:63] Se ha añadido paciente Alisa Calhoun
[2021-04-19 18:54:54] [ INFO ] [Main:63] Se ha añadido paciente Sarah Leblanc
[2021-04-19 18:54:54] [ INFO ] [Main:63] Se ha añadido paciente Jacob Morgan
[2021-04-19 18:54:54] [ INFO ] [Main:63] Se ha añadido paciente Myles Pittman
[2021-04-19 18:54:54] [ INFO ] [Main:63] Se ha añadido paciente Gay Burgess
[2021-04-19 18:54:54] [ INFO ] [Main:63] Se ha añadido paciente Elijah Trujillo
[2021-04-19 18:54:54] [ INFO ] [Main:63] Se ha añadido paciente Harlan Gilliam
[2021-04-19 18:54:54] [ INFO ] [Main:63] Se ha añadido paciente Conan Harmon
[2021-04-19 18:54:54] [ INFO ] [Main:63] Se ha añadido paciente Kenyon Alston
[2021-04-19 18:54:54] [ INFO ] [Main:63] Se ha añadido paciente Hillary Moody
[2021-04-19 18:54:54] [ INFO ] [Main:63] Se ha añadido paciente Wang Douglas
[2021-04-19 18:54:54] [ INFO ] [Main:63] Se ha añadido paciente Edan Decker
[2021-04-19 18:54:54] [ INFO ] [Main:63] Se ha añadido paciente Ezra Wong
[2021-04-19 18:54:54] [ INFO ] [Main:63] Se ha añadido paciente Leah Williamson
[2021-04-19 18:54:54] [ INFO ] [Main:63] Se ha añadido paciente Yvette Slater
[2021-04-19 18:54:54] [ INFO ] [Main:63] Se ha añadido paciente Hakeem Le
[2021-04-19 18:54:54] [ INFO ] [Main:63] Se ha añadido paciente Cole Wells
[2021-04-19 18:54:54] [ INFO ] [Main:63] Se ha añadido paciente Chase Cotton
[2021-04-19 18:54:54] [ INFO ] [Main:63] Se ha añadido paciente Nichole Duke
[2021-04-19 18:54:54] [ INFO ] [Main:63] Se ha añadido paciente Akeem Knight
[2021-04-19 18:54:54] [ INFO ] [Main:63] Se ha añadido paciente Keegan Waters
[2021-04-19 18:54:54] [ INFO ] [Main:63] Se ha añadido paciente Heidi Phelps
[2021-04-19 18:54:54] [ INFO ] [Main:63] Se ha añadido paciente Nehru Dickson
[2021-04-19 18:54:54] [ INFO ] [Main:63] Se ha añadido paciente Halee Stevens
[2021-04-19 18:54:54] [ INFO ] [Main:63] Se ha añadido paciente Ulysses Haley
[2021-04-19 18:54:54] [ INFO ] [Main:63] Se ha añadido paciente Avram Douglas
[2021-04-19 18:54:54] [ INFO ] [Main:63] Se ha añadido paciente Nicholas Higgins
[2021-04-19 18:54:54] [ INFO ] [Main:63] Se ha añadido paciente Lars Watkins
[2021-04-19 18:54:54] [ INFO ] [Main:63] Se ha añadido paciente Lila King
[2021-04-19 18:54:54] [ INFO ] [Main:63] Se ha añadido paciente Francesca Sharpe
[2021-04-19 18:54:54] [ INFO ] [Main:63] Se ha añadido paciente Hilary Stark
[2021-04-19 18:54:54] [ INFO ] [Main:63] Se ha añadido paciente Shafira Cash
[2021-04-19 18:54:54] [ INFO ] [Main:63] Se ha añadido paciente Dale Terry
[2021-04-19 18:54:54] [ INFO ] [Main:63] Se ha añadido paciente Rachel Le
[2021-04-19 18:54:54] [ INFO ] [Main:63] Se ha añadido paciente Stuart Hall
[2021-04-19 18:54:54] [ INFO ] [Main:63] Se ha añadido paciente Myles Richardson
[2021-04-19 18:54:54] [ INFO ] [Main:63] Se ha añadido paciente Wanda Schultz
[2021-04-19 18:54:54] [ INFO ] [Main:63] Se ha añadido paciente Alma Holman
[2021-04-19 18:54:54] [ INFO ] [Main:63] Se ha añadido paciente Sebastian Levy
[2021-04-19 18:54:54] [ INFO ] [Main:63] Se ha añadido paciente Donna Prince
[2021-04-19 18:54:54] [ INFO ] [Main:63] Se ha añadido paciente Oliver Wilkins
[2021-04-19 18:54:54] [ INFO ] [Main:63] Se ha añadido paciente Murphy Dominguez
[2021-04-19 18:54:54] [ INFO ] [Main:63] Se ha añadido paciente Lila Parsons
[2021-04-19 18:54:54] [ INFO ] [Main:63] Se ha añadido paciente Ethan Kelly
[2021-04-19 18:54:54] [ INFO ] [Main:63] Se ha añadido paciente Alexander Gates
[2021-04-19 18:54:54] [ INFO ] [Main:63] Se ha añadido paciente Donovan Holcomb
[2021-04-19 18:54:54] [ INFO ] [Main:63] Se ha añadido paciente Jackson Maynard
[2021-04-19 18:54:54] [ INFO ] [Main:63] Se ha añadido paciente Nerea Hendricks
[2021-04-19 18:54:54] [ INFO ] [Main:63] Se ha añadido paciente Jade Russell
[2021-04-19 18:54:54] [ INFO ] [Main:63] Se ha añadido paciente Imelda Mayo
[2021-04-19 18:54:54] [ INFO ] [Main:63] Se ha añadido paciente Regan Fleming
[2021-04-19 18:54:54] [ INFO ] [Main:63] Se ha añadido paciente Stone Cote
